Build started 2017-12-27 13:40:37.
     1>Project "F:\NI\FaceDetect\20171220\cam\Affectiva\Affectiva.vcxproj" on node 2 (Build target(s)).
     1>ClCompile:
         E:\NI\Microsoft Visual Studio 12.0\VC\bin\CL.exe /c /Zi /nologo /W3 /WX- /sdl /O2 /Oi /Oy- /GL /D WIN32 /D NDEBUG /D _CONSOLE /D _LIB /D _CRT_SECURE_NO_WARNINGS /D _BOOST_LINK_ /D _WINSOCK_DEPRECATED_NO_WARNINGS /D _UNICODE /D UNICODE /Gm- /EHsc /MD /GS /Gy /fp:precise /Zc:wchar_t /Zc:forScope /Fo"Release\\" /Fd"Release\vc120.pdb" /Gd /TP /analyze- /errorReport:prompt Source.cpp
         Source.cpp
     1>f:\ni\facedetect\20171220\cam\affectiva\PlottingImageListener.hpp(309): warning C4244: 'argument' : conversion from 'float' to 'int', possible loss of data
     1>f:\ni\facedetect\20171220\cam\affectiva\PlottingImageListener.hpp(318): warning C4244: 'initializing' : conversion from 'float' to 'int', possible loss of data
     1>f:\ni\facedetect\20171220\cam\affectiva\PlottingImageListener.hpp(319): warning C4244: 'initializing' : conversion from 'float' to 'int', possible loss of data
     1>f:\ni\facedetect\20171220\cam\affectiva\PlottingImageListener.hpp(325): warning C4244: '=' : conversion from 'float' to 'int', possible loss of data
     1>f:\ni\facedetect\20171220\cam\affectiva\PlottingImageListener.hpp(329): warning C4244: '=' : conversion from 'float' to 'int', possible loss of data
     1>f:\ni\facedetect\20171220\cam\affectiva\PlottingImageListener.hpp(334): warning C4244: '=' : conversion from 'float' to 'int', possible loss of data
     1>f:\ni\facedetect\20171220\cam\affectiva\PlottingImageListener.hpp(338): warning C4244: '=' : conversion from 'float' to 'int', possible loss of data
     1>f:\ni\facedetect\20171220\cam\affectiva\PlottingImageListener.hpp(386): warning C4244: 'initializing' : conversion from 'float' to 'int', possible loss of data
     1>f:\ni\facedetect\20171220\cam\affectiva\Matrix.h(284): warning C4244: '=' : conversion from 'double' to 'float', possible loss of data
     1>f:\ni\facedetect\20171220\cam\affectiva\Matrix.h(295): warning C4244: '=' : conversion from 'double' to 'float', possible loss of data
     1>f:\ni\facedetect\20171220\cam\affectiva\Matrix.h(394): warning C4244: 'initializing' : conversion from 'const float' to 'int', possible loss of data
     1>f:\ni\facedetect\20171220\cam\affectiva\Matrix.h(403): warning C4244: 'initializing' : conversion from 'int' to 'float', possible loss of data
     1>f:\ni\facedetect\20171220\cam\affectiva\Matrix.h(404): warning C4244: '=' : conversion from 'double' to 'float', possible loss of data
     1>f:\ni\facedetect\20171220\cam\affectiva\Matrix.h(409): warning C4244: '*=' : conversion from 'double' to 'float', possible loss of data
     1>f:\ni\facedetect\20171220\cam\affectiva\Matrix.h(441): warning C4244: '=' : conversion from 'double' to 'float', possible loss of data
     1>f:\ni\facedetect\20171220\cam\affectiva\Matrix.h(443): warning C4244: '=' : conversion from 'double' to 'float', possible loss of data
     1>f:\ni\facedetect\20171220\cam\affectiva\Matrix.h(445): warning C4244: '=' : conversion from 'double' to 'float', possible loss of data
     1>f:\ni\facedetect\20171220\cam\affectiva\Matrix.h(451): warning C4244: '=' : conversion from 'double' to 'float', possible loss of data
     1>f:\ni\facedetect\20171220\cam\affectiva\Matrix.h(453): warning C4244: '=' : conversion from 'double' to 'float', possible loss of data
     1>f:\ni\facedetect\20171220\cam\affectiva\Matrix.h(455): warning C4244: '=' : conversion from 'double' to 'float', possible loss of data
     1>f:\ni\facedetect\20171220\cam\affectiva\Matrix.h(479): warning C4244: 'initializing' : conversion from 'float' to 'int', possible loss of data
     1>f:\ni\facedetect\20171220\cam\affectiva\Matrix.h(564): warning C4244: '=' : conversion from 'double' to 'float', possible loss of data
     1>f:\ni\facedetect\20171220\cam\affectiva\Matrix.h(605): warning C4244: '=' : conversion from 'double' to 'float', possible loss of data
     1>f:\ni\facedetect\20171220\cam\affectiva\Matrix.h(636): warning C4244: 'initializing' : conversion from 'double' to 'float', possible loss of data
     1>f:\ni\facedetect\20171220\cam\affectiva\Matrix.h(637): warning C4244: 'initializing' : conversion from 'double' to 'float', possible loss of data
     1>f:\ni\facedetect\20171220\cam\affectiva\Matrix.h(650): warning C4244: 'initializing' : conversion from 'double' to 'float', possible loss of data
     1>f:\ni\facedetect\20171220\cam\affectiva\Matrix.h(651): warning C4244: 'initializing' : conversion from 'double' to 'float', possible loss of data
     1>f:\ni\facedetect\20171220\cam\affectiva\Matrix.h(652): warning C4244: '=' : conversion from 'double' to 'float', possible loss of data
     1>f:\ni\facedetect\20171220\cam\affectiva\Matrix.h(691): warning C4244: '=' : conversion from 'double' to 'float', possible loss of data
     1>f:\ni\facedetect\20171220\cam\affectiva\Matrix.h(732): warning C4244: '=' : conversion from 'double' to 'float', possible loss of data
     1>f:\ni\facedetect\20171220\cam\affectiva\Matrix.h(759): warning C4244: 'initializing' : conversion from 'double' to 'float', possible loss of data
     1>f:\ni\facedetect\20171220\cam\affectiva\Matrix.h(760): warning C4244: 'initializing' : conversion from 'double' to 'float', possible loss of data
     1>f:\ni\facedetect\20171220\cam\affectiva\Matrix.h(773): warning C4244: 'initializing' : conversion from 'double' to 'float', possible loss of data
     1>f:\ni\facedetect\20171220\cam\affectiva\Matrix.h(774): warning C4244: 'initializing' : conversion from 'double' to 'float', possible loss of data
     1>f:\ni\facedetect\20171220\cam\affectiva\Matrix.h(775): warning C4244: '=' : conversion from 'double' to 'float', possible loss of data
     1>f:\ni\facedetect\20171220\cam\affectiva\Matrix.h(900): warning C4244: 'initializing' : conversion from 'double' to 'float', possible loss of data
     1>f:\ni\facedetect\20171220\cam\affectiva\Matrix.h(945): warning C4244: '=' : conversion from 'int' to 'float', possible loss of data
     1>f:\ni\facedetect\20171220\cam\affectiva\Matrix.h(946): warning C4244: '=' : conversion from 'int' to 'float', possible loss of data
     1>f:\ni\facedetect\20171220\cam\affectiva\Matrix.h(952): warning C4244: 'initializing' : conversion from 'double' to 'int', possible loss of data
     1>f:\ni\facedetect\20171220\cam\affectiva\Matrix.h(953): warning C4244: 'initializing' : conversion from 'double' to 'int', possible loss of data
     1>f:\ni\facedetect\20171220\cam\affectiva\Matrix.h(959): warning C4244: '=' : conversion from 'int' to 'float', possible loss of data
     1>f:\ni\facedetect\20171220\cam\affectiva\Matrix.h(963): warning C4244: '=' : conversion from 'int' to 'float', possible loss of data
     1>f:\ni\facedetect\20171220\cam\affectiva\Matrix.h(967): warning C4244: '=' : conversion from 'int' to 'float', possible loss of data
     1>f:\ni\facedetect\20171220\cam\affectiva\Matrix.h(971): warning C4244: '=' : conversion from 'int' to 'float', possible loss of data
     1>f:\ni\facedetect\20171220\cam\affectiva\Matrix.h(976): warning C4244: 'initializing' : conversion from 'double' to 'int', possible loss of data
     1>f:\ni\facedetect\20171220\cam\affectiva\Matrix.h(977): warning C4244: 'initializing' : conversion from 'double' to 'int', possible loss of data
     1>f:\ni\facedetect\20171220\cam\affectiva\Matrix.h(985): warning C4244: '=' : conversion from 'int' to 'float', possible loss of data
     1>f:\ni\facedetect\20171220\cam\affectiva\Matrix.h(987): warning C4244: '=' : conversion from 'int' to 'float', possible loss of data
     1>f:\ni\facedetect\20171220\cam\affectiva\Matrix.h(994): warning C4244: '=' : conversion from 'int' to 'float', possible loss of data
     1>f:\ni\facedetect\20171220\cam\affectiva\Matrix.h(996): warning C4244: '=' : conversion from 'int' to 'float', possible loss of data
     1>f:\ni\facedetect\20171220\cam\affectiva\Matrix.h(1017): warning C4244: '=' : conversion from 'int' to 'float', possible loss of data
     1>f:\ni\facedetect\20171220\cam\affectiva\Matrix.h(1043): warning C4244: '=' : conversion from 'int' to 'float', possible loss of data
     1>f:\ni\facedetect\20171220\cam\affectiva\Matrix.h(1053): warning C4244: '=' : conversion from 'int' to 'float', possible loss of data
     1>f:\ni\facedetect\20171220\cam\affectiva\Matrix.h(1123): warning C4244: 'return' : conversion from 'double' to 'float', possible loss of data
     1>f:\ni\facedetect\20171220\cam\affectiva\Matrix.h(1281): warning C4244: '=' : conversion from 'double' to 'float', possible loss of data
     1>f:\ni\facedetect\20171220\cam\affectiva\Matrix.h(1282): warning C4244: '=' : conversion from 'double' to 'float', possible loss of data
     1>f:\ni\facedetect\20171220\cam\affectiva\Matrix.h(1292): warning C4244: 'argument' : conversion from 'const float' to 'const int', possible loss of data
     1>f:\ni\facedetect\20171220\cam\affectiva\Matrix.h(1303): warning C4244: 'initializing' : conversion from 'float' to 'int', possible loss of data
     1>f:\ni\facedetect\20171220\cam\affectiva\Matrix.h(1304): warning C4244: 'initializing' : conversion from 'float' to 'int', possible loss of data
     1>f:\ni\facedetect\20171220\cam\affectiva\Matrix.h(1309): warning C4244: '=' : conversion from 'double' to 'float', possible loss of data
     1>f:\ni\facedetect\20171220\cam\affectiva\Matrix.h(1348): warning C4244: 'initializing' : conversion from 'double' to 'float', possible loss of data
     1>f:\ni\facedetect\20171220\cam\affectiva\LKTracker.h(200): warning C4244: 'initializing' : conversion from 'double' to 'float', possible loss of data
     1>f:\ni\facedetect\20171220\cam\affectiva\LKTracker.h(201): warning C4244: 'initializing' : conversion from 'double' to 'float', possible loss of data
     1>f:\ni\facedetect\20171220\cam\affectiva\LKTracker.h(212): warning C4244: 'initializing' : conversion from 'double' to 'float', possible loss of data
     1>f:\ni\facedetect\20171220\cam\affectiva\LKTracker.h(213): warning C4244: 'initializing' : conversion from 'double' to 'float', possible loss of data
     1>f:\ni\facedetect\20171220\cam\affectiva\LKTracker.h(217): warning C4244: '=' : conversion from 'double' to 'float', possible loss of data
     1>f:\ni\facedetect\20171220\cam\affectiva\LKTracker.h(218): warning C4244: '=' : conversion from 'double' to 'float', possible loss of data
     1>f:\ni\facedetect\20171220\cam\affectiva\LKTracker.h(303): warning C4244: '=' : conversion from 'double' to 'float', possible loss of data
     1>f:\ni\facedetect\20171220\cam\affectiva\LKTracker.h(328): warning C4244: 'argument' : conversion from 'double' to 'int', possible loss of data
     1>f:\ni\facedetect\20171220\cam\affectiva\LKTracker.h(329): warning C4244: 'argument' : conversion from 'double' to 'int', possible loss of data
     1>f:\ni\facedetect\20171220\cam\affectiva\LKTracker.h(406): warning C4244: '=' : conversion from 'double' to 'float', possible loss of data
     1>f:\ni\facedetect\20171220\cam\affectiva\LKTracker.h(407): warning C4244: '=' : conversion from 'double' to 'float', possible loss of data
     1>f:\ni\facedetect\20171220\cam\affectiva\LKTracker.h(460): warning C4244: 'initializing' : conversion from 'double' to 'float', possible loss of data
     1>f:\ni\facedetect\20171220\cam\affectiva\LKTracker.h(517): warning C4244: 'initializing' : conversion from 'double' to 'float', possible loss of data
     1>f:\ni\facedetect\20171220\cam\affectiva\LKTracker.h(535): warning C4244: 'initializing' : conversion from 'double' to 'float', possible loss of data
     1>f:\ni\facedetect\20171220\cam\affectiva\LKTracker.h(536): warning C4244: 'initializing' : conversion from 'double' to 'float', possible loss of data
     1>f:\ni\facedetect\20171220\cam\affectiva\LKTracker.h(576): warning C4244: 'return' : conversion from 'double' to 'float', possible loss of data
     1>f:\ni\facedetect\20171220\cam\affectiva\FernFilter.h(239): warning C4305: 'initializing' : truncation from 'double' to 'float'
     1>f:\ni\facedetect\20171220\cam\affectiva\FernFilter.h(240): warning C4305: 'initializing' : truncation from 'double' to 'float'
     1>f:\ni\facedetect\20171220\cam\affectiva\FernFilter.h(273): warning C4244: '=' : conversion from 'const float' to 'int', possible loss of data
     1>f:\ni\facedetect\20171220\cam\affectiva\FernFilter.h(274): warning C4244: '=' : conversion from 'const float' to 'int', possible loss of data
     1>f:\ni\facedetect\20171220\cam\affectiva\FernFilter.h(355): warning C4244: 'initializing' : conversion from 'double' to 'float', possible loss of data
     1>f:\ni\facedetect\20171220\cam\affectiva\FernFilter.h(492): warning C4244: 'initializing' : conversion from 'double' to 'float', possible loss of data
     1>f:\ni\facedetect\20171220\cam\affectiva\FernFilter.h(494): warning C4244: '=' : conversion from 'double' to 'float', possible loss of data
     1>f:\ni\facedetect\20171220\cam\affectiva\FernFilter.h(895): warning C4244: 'initializing' : conversion from 'double' to 'float', possible loss of data
     1>f:\ni\facedetect\20171220\cam\affectiva\FernFilter.h(896): warning C4244: 'initializing' : conversion from 'double' to 'float', possible loss of data
     1>f:\ni\facedetect\20171220\cam\affectiva\FernFilter.h(1026): warning C4244: 'initializing' : conversion from 'double' to 'float', possible loss of data
     1>f:\ni\facedetect\20171220\cam\affectiva\FernFilter.h(1037): warning C4244: '=' : conversion from 'double' to 'int', possible loss of data
     1>f:\ni\facedetect\20171220\cam\affectiva\FernFilter.h(1038): warning C4244: '=' : conversion from 'double' to 'int', possible loss of data
     1>f:\ni\facedetect\20171220\cam\affectiva\FernFilter.h(1209): warning C4244: 'initializing' : conversion from 'double' to 'float', possible loss of data
     1>f:\ni\facedetect\20171220\cam\affectiva\FernFilter.h(1210): warning C4244: 'initializing' : conversion from 'double' to 'float', possible loss of data
     1>f:\ni\facedetect\20171220\cam\affectiva\FernFilter.h(1211): warning C4244: 'initializing' : conversion from 'double' to 'float', possible loss of data
     1>f:\ni\facedetect\20171220\cam\affectiva\FernFilter.h(1212): warning C4244: 'initializing' : conversion from 'double' to 'float', possible loss of data
     1>f:\ni\facedetect\20171220\cam\affectiva\FernFilter.h(1268): warning C4244: 'initializing' : conversion from 'int' to 'float', possible loss of data
     1>f:\ni\facedetect\20171220\cam\affectiva\FernFilter.h(1275): warning C4244: 'initializing' : conversion from 'int' to 'float', possible loss of data
     1>f:\ni\facedetect\20171220\cam\affectiva\FernFilter.h(1319): warning C4244: 'argument' : conversion from 'double' to 'int', possible loss of data
     1>f:\ni\facedetect\20171220\cam\affectiva\FernFilter.h(1320): warning C4244: 'initializing' : conversion from 'const int' to 'float', possible loss of data
     1>f:\ni\facedetect\20171220\cam\affectiva\FernFilter.h(1323): warning C4244: 'argument' : conversion from 'const float' to 'const int', possible loss of data
     1>f:\ni\facedetect\20171220\cam\affectiva\FernFilter.h(1324): warning C4244: 'argument' : conversion from 'double' to 'int', possible loss of data
     1>f:\ni\facedetect\20171220\cam\affectiva\FernFilter.h(1324): warning C4244: 'argument' : conversion from 'float' to 'int', possible loss of data
     1>f:\ni\facedetect\20171220\cam\affectiva\FernFilter.h(1361): warning C4305: 'argument' : truncation from 'double' to 'const float'
     1>f:\ni\facedetect\20171220\cam\affectiva\FernFilter.h(1363): warning C4305: 'argument' : truncation from 'double' to 'const float'
     1>f:\ni\facedetect\20171220\cam\affectiva\FernFilter.h(1393): warning C4244: 'initializing' : conversion from 'double' to 'float', possible loss of data
     1>f:\ni\facedetect\20171220\cam\affectiva\Histogram.h(77): warning C4244: 'initializing' : conversion from 'int' to 'float', possible loss of data
     1>f:\ni\facedetect\20171220\cam\affectiva\Histogram.h(78): warning C4244: 'initializing' : conversion from 'double' to 'float', possible loss of data
     1>f:\ni\facedetect\20171220\cam\affectiva\Histogram.h(89): warning C4244: 'initializing' : conversion from 'double' to 'float', possible loss of data
     1>f:\ni\facedetect\20171220\cam\affectiva\Histogram.h(90): warning C4244: 'initializing' : conversion from 'double' to 'float', possible loss of data
     1>f:\ni\facedetect\20171220\cam\affectiva\Histogram.h(91): warning C4244: 'initializing' : conversion from 'double' to 'float', possible loss of data
     1>f:\ni\facedetect\20171220\cam\affectiva\Histogram.h(118): warning C4244: 'argument' : conversion from 'double' to 'int', possible loss of data
     1>f:\ni\facedetect\20171220\cam\affectiva\Histogram.h(121): warning C4244: 'argument' : conversion from 'double' to 'int', possible loss of data
     1>f:\ni\facedetect\20171220\cam\affectiva\Histogram.h(146): warning C4244: '=' : conversion from 'double' to 'float', possible loss of data
     1>f:\ni\facedetect\20171220\cam\affectiva\Histogram.h(161): warning C4244: 'argument' : conversion from 'double' to 'int', possible loss of data
     1>f:\ni\facedetect\20171220\cam\affectiva\Histogram.h(164): warning C4244: 'argument' : conversion from 'double' to 'int', possible loss of data
     1>f:\ni\facedetect\20171220\cam\affectiva\Histogram.h(171): warning C4244: 'initializing' : conversion from 'const float' to 'int', possible loss of data
     1>f:\ni\facedetect\20171220\cam\affectiva\Histogram.h(177): warning C4244: 'initializing' : conversion from 'double' to 'int', possible loss of data
     1>f:\ni\facedetect\20171220\cam\affectiva\Histogram.h(190): warning C4244: 'initializing' : conversion from 'double' to 'float', possible loss of data
     1>f:\ni\facedetect\20171220\cam\affectiva\Histogram.h(200): warning C4244: '=' : conversion from 'double' to 'float', possible loss of data
     1>f:\ni\facedetect\20171220\cam\affectiva\Histogram.h(227): warning C4244: 'argument' : conversion from 'double' to 'unsigned char', possible loss of data
     1>f:\ni\facedetect\20171220\cam\affectiva\Histogram.h(228): warning C4244: 'argument' : conversion from 'double' to 'unsigned char', possible loss of data
     1>f:\ni\facedetect\20171220\cam\affectiva\Histogram.h(229): warning C4244: 'argument' : conversion from 'double' to 'unsigned char', possible loss of data
     1>f:\ni\facedetect\20171220\cam\affectiva\Histogram.h(233): warning C4244: 'initializing' : conversion from 'float' to 'int', possible loss of data
     1>f:\ni\facedetect\20171220\cam\affectiva\Histogram.h(285): warning C4244: 'return' : conversion from 'double' to 'float', possible loss of data
     1>f:\ni\facedetect\20171220\cam\affectiva\NNClassifier.h(150): warning C4244: 'argument' : conversion from 'double' to 'int', possible loss of data
     1>f:\ni\facedetect\20171220\cam\affectiva\NNClassifier.h(150): warning C4244: 'argument' : conversion from 'double' to 'float', possible loss of data
     1>f:\ni\facedetect\20171220\cam\affectiva\MultiObjectTLD.h(217): warning C4244: 'initializing' : conversion from 'double' to 'float', possible loss of data
     1>f:\ni\facedetect\20171220\cam\affectiva\MultiObjectTLD.h(218): warning C4244: 'initializing' : conversion from 'double' to 'float', possible loss of data
     1>f:\ni\facedetect\20171220\cam\affectiva\MultiObjectTLD.h(221): warning C4244: '=' : conversion from 'double' to 'float', possible loss of data
     1>f:\ni\facedetect\20171220\cam\affectiva\MultiObjectTLD.h(222): warning C4244: '=' : conversion from 'double' to 'float', possible loss of data
     1>f:\ni\facedetect\20171220\cam\affectiva\MultiObjectTLD.h(318): warning C4244: 'argument' : conversion from 'double' to 'float', possible loss of data
     1>f:\ni\facedetect\20171220\cam\affectiva\MultiObjectTLD.h(351): warning C4244: '=' : conversion from 'double' to 'float', possible loss of data
     1>f:\ni\facedetect\20171220\cam\affectiva\MultiObjectTLD.h(367): warning C4244: '=' : conversion from 'double' to 'float', possible loss of data
     1>f:\ni\facedetect\20171220\cam\affectiva\MultiObjectTLD.h(447): warning C4244: '=' : conversion from 'double' to 'float', possible loss of data
     1>f:\ni\facedetect\20171220\cam\affectiva\MultiObjectTLD.h(685): warning C4018: '<' : signed/unsigned mismatch
     1>f:\ni\facedetect\20171220\cam\affectiva\MultiObjectTLD.h(708): warning C4244: '=' : conversion from 'const float' to 'int', possible loss of data
     1>f:\ni\facedetect\20171220\cam\affectiva\MultiObjectTLD.h(709): warning C4244: '=' : conversion from 'const float' to 'int', possible loss of data
     1>f:\ni\facedetect\20171220\cam\affectiva\MultiObjectTLD.h(710): warning C4244: '=' : conversion from 'const float' to 'int', possible loss of data
     1>f:\ni\facedetect\20171220\cam\affectiva\MultiObjectTLD.h(711): warning C4244: '=' : conversion from 'const float' to 'int', possible loss of data
     1>f:\ni\facedetect\20171220\cam\affectiva\MultiObjectTLD.h(878): warning C4018: '<' : signed/unsigned mismatch
     1>f:\ni\facedetect\20171220\cam\affectiva\Header.h(107): warning C4244: 'initializing' : conversion from 'clock_t' to 'float', possible loss of data
     1>f:\ni\facedetect\20171220\cam\affectiva\Header.h(163): warning C4018: '<' : signed/unsigned mismatch
     1>f:\ni\facedetect\20171220\cam\affectiva\Header.h(172): warning C4244: '=' : conversion from 'int' to 'float', possible loss of data
     1>f:\ni\facedetect\20171220\cam\affectiva\Header.h(173): warning C4244: '=' : conversion from 'int' to 'float', possible loss of data
     1>f:\ni\facedetect\20171220\cam\affectiva\Header.h(174): warning C4244: '=' : conversion from 'int' to 'float', possible loss of data
     1>f:\ni\facedetect\20171220\cam\affectiva\Header.h(175): warning C4244: '=' : conversion from 'int' to 'float', possible loss of data
     1>Source.cpp(13): warning C4305: 'initializing' : truncation from 'double' to 'float'
     1>Source.cpp(101): warning C4018: '<' : signed/unsigned mismatch
     1>Source.cpp(107): warning C4018: '<' : signed/unsigned mismatch
     1>Source.cpp(111): warning C4018: '<' : signed/unsigned mismatch
     1>Source.cpp(150): warning C4018: '<' : signed/unsigned mismatch
     1>Source.cpp(182): warning C4244: 'argument' : conversion from 'double' to 'int', possible loss of data
     1>Source.cpp(209): warning C4244: 'argument' : conversion from 'double' to 'int', possible loss of data
     1>Source.cpp(278): warning C4018: '<' : signed/unsigned mismatch
     1>Source.cpp(346): warning C4018: '<' : signed/unsigned mismatch
     1>Source.cpp(391): warning C4244: '=' : conversion from 'int' to 'float', possible loss of data
     1>Source.cpp(393): warning C4244: 'initializing' : conversion from 'int' to 'float', possible loss of data
     1>Source.cpp(394): warning C4244: 'initializing' : conversion from 'int' to 'float', possible loss of data
       Link:
         E:\NI\Microsoft Visual Studio 12.0\VC\bin\link.exe /ERRORREPORT:PROMPT /OUT:"F:\NI\FaceDetect\20171220\cam\Release\Affectiva.exe" /INCREMENTAL:NO /NOLOGO freeglut.lib glew32.lib glfw3dll.lib kinect20.lib Identification.lib FaceDetection.lib FaceAlignment.lib kernel32.lib user32.lib gdi32.lib winspool.lib comdlg32.lib advapi32.lib shell32.lib ole32.lib oleaut32.lib uuid.lib odbc32.lib odbccp32.lib /MANIFEST /MANIFESTUAC:"level='asInvoker' uiAccess='false'" /manifest:embed /DEBUG /PDB:"F:\NI\FaceDetect\20171220\cam\Release\Affectiva.pdb" /SUBSYSTEM:CONSOLE /OPT:REF /OPT:ICF /LTCG /TLBID:1 /DYNAMICBASE /NXCOMPAT /IMPLIB:"F:\NI\FaceDetect\20171220\cam\Release\Affectiva.lib" /MACHINE:X86 /SAFESEH Release\affectiva.obj
         Release\Source.obj
         Generating code
         Finished generating code
         Affectiva.vcxproj -> F:\NI\FaceDetect\20171220\cam\Release\Affectiva.exe
     1>Done Building Project "F:\NI\FaceDetect\20171220\cam\Affectiva\Affectiva.vcxproj" (Build target(s)).

Build succeeded.

Time Elapsed 00:00:05.23
